<?xml version="1.0" encoding="UTF-8"?>
<!-- Generated by org.testng.reporters.JUnitReportReporter -->
<testsuite hostname="Markos-MacBook-Pro.local" failures="0" tests="1" name="com.alasdoo.developercourseassignment.test.ScreenshotTest" time="2.168" errors="0" timestamp="2021-04-06T00:07:00 CEST" skipped="0">
  <testcase classname="com.alasdoo.developercourseassignment.test.ScreenshotTest" name="takeScreenshotTest" time="2.168"/>
  <system-out/>
</testsuite> <!-- com.alasdoo.developercourseassignment.test.ScreenshotTest -->
